<?xml version="1.0" encoding="UTF-8"?>
<!-- Generated by org.testng.reporters.JUnitReportReporter -->
<testsuite hostname="LAPTOP-753GJ0FE" name="testng1.exp1" tests="1" failures="0" timestamp="20 Feb 2021 18:57:55 GMT" time="0.093" errors="0">
  <testcase name="login" time="0.093" classname="testng1.exp1"/>
</testsuite> <!-- testng1.exp1 -->
