<?xml version="1.0" encoding="UTF-8"?>
<!-- Generated by org.testng.reporters.JUnitReportReporter -->
<testsuite hostname="LAPTOP-753GJ0FE" name="testng1.exp3" tests="1" failures="0" timestamp="24 Feb 2021 10:40:00 GMT" time="14.689" errors="0">
  <testcase name="image" time="14.689" classname="testng1.exp3"/>
</testsuite> <!-- testng1.exp3 -->
